[ 2015-07-31T03:07:36+08:00 ] ::1 /ThinkPHP/ThinkPHP/Home/Index/login.html.html
INFO: [ app_init ] --START--
INFO: Run Behavior\BuildLiteBehavior [ RunTime:0.000000s ]
INFO: [ app_init ] --END-- [ RunTime:0.002000s ]
ERR: 无法加载模块:ThinkPHP

[ 2015-07-31T03:08:09+08:00 ] ::1 /ThinkPHP/ThinkPHP/Home/Index/login.html.html
INFO: [ app_init ] --START--
INFO: Run Behavior\BuildLiteBehavior [ RunTime:0.000000s ]
INFO: [ app_init ] --END-- [ RunTime:0.002000s ]
ERR: 无法加载模块:ThinkPHP

[ 2015-07-31T03:09:01+08:00 ] ::1 /ThinkPHP/ThinkPHP/Home/Index/login.html.html
INFO: [ app_init ] --START--
INFO: Run Behavior\BuildLiteBehavior [ RunTime:0.000000s ]
INFO: [ app_init ] --END-- [ RunTime:0.002000s ]
ERR: 无法加载模块:ThinkPHP

[ 2015-07-31T03:09:50+08:00 ] ::1 /ThinkPHP/ThinkPHP/Home/Index/login.html.html
INFO: [ app_init ] --START--
INFO: Run Behavior\BuildLiteBehavior [ RunTime:0.001000s ]
INFO: [ app_init ] --END-- [ RunTime:0.004000s ]
ERR: 无法加载模块:ThinkPHP

[ 2015-07-31T03:12:00+08:00 ] ::1 /ThinkPHP/ThinkPHP/Home/Index/login.html.html
INFO: [ app_init ] --START--
INFO: Run Behavior\BuildLiteBehavior [ RunTime:0.000000s ]
INFO: [ app_init ] --END-- [ RunTime:0.003000s ]
ERR: 无法加载模块:ThinkPHP

[ 2015-07-31T03:12:12+08:00 ] ::1 /ThinkPHP/ThinkPHP/Home/Index/login.html.html
INFO: [ app_init ] --START--
INFO: Run Behavior\BuildLiteBehavior [ RunTime:0.000000s ]
INFO: [ app_init ] --END-- [ RunTime:0.003000s ]
ERR: 无法加载模块:ThinkPHP

[ 2015-07-31T03:13:44+08:00 ] ::1 /ThinkPHP/ThinkPHP/Home/Index/login.html.html
INFO: [ app_init ] --START--
INFO: Run Behavior\BuildLiteBehavior [ RunTime:0.000000s ]
INFO: [ app_init ] --END-- [ RunTime:0.003000s ]
ERR: 无法加载模块:ThinkPHP

[ 2015-07-31T03:16:22+08:00 ] ::1 /ThinkPHP/ThinkPHP/Home/Index/login.html.html
INFO: [ app_init ] --START--
INFO: Run Behavior\BuildLiteBehavior [ RunTime:0.000000s ]
INFO: [ app_init ] --END-- [ RunTime:0.002000s ]
ERR: 无法加载模块:ThinkPHP

[ 2015-07-31T03:16:32+08:00 ] ::1 /ThinkPHP/ThinkPHP/Home/Index/login.html.html
INFO: [ app_init ] --START--
INFO: Run Behavior\BuildLiteBehavior [ RunTime:0.001000s ]
INFO: [ app_init ] --END-- [ RunTime:0.003000s ]
ERR: 无法加载模块:ThinkPHP

[ 2015-07-31T03:23:15+08:00 ] ::1 /ThinkPHP/ThinkPHP/Home/Index/login.html.html
INFO: [ app_init ] --START--
INFO: Run Behavior\BuildLiteBehavior [ RunTime:0.000000s ]
INFO: [ app_init ] --END-- [ RunTime:0.002000s ]
ERR: 无法加载模块:ThinkPHP

[ 2015-07-31T03:23:31+08:00 ] ::1 /ThinkPHP/ThinkPHP/Home/Index/login.html.html
INFO: [ app_init ] --START--
INFO: Run Behavior\BuildLiteBehavior [ RunTime:0.000000s ]
INFO: [ app_init ] --END-- [ RunTime:0.002000s ]
ERR: 无法加载模块:ThinkPHP

[ 2015-07-31T03:24:07+08:00 ] ::1 /ThinkPHP/ThinkPHP/Home/Index/login
INFO: [ app_init ] --START--
INFO: Run Behavior\BuildLiteBehavior [ RunTime:0.000000s ]
INFO: [ app_init ] --END-- [ RunTime:0.002000s ]
ERR: 无法加载模块:ThinkPHP

[ 2015-07-31T03:24:43+08:00 ] ::1 /ThinkPHP/ThinkPHP/Home/Index/login
INFO: [ app_init ] --START--
INFO: Run Behavior\BuildLiteBehavior [ RunTime:0.000000s ]
INFO: [ app_init ] --END-- [ RunTime:0.005000s ]
ERR: 无法加载模块:ThinkPHP

[ 2015-07-31T03:24:47+08:00 ] ::1 /ThinkPHP/ThinkPHP/Home/Index/login.html
INFO: [ app_init ] --START--
INFO: Run Behavior\BuildLiteBehavior [ RunTime:0.001000s ]
INFO: [ app_init ] --END-- [ RunTime:0.002000s ]
ERR: 无法加载模块:ThinkPHP

[ 2015-07-31T03:25:24+08:00 ] ::1 /ThinkPHP/ThinkPHP/Home/Index/login.html
INFO: [ app_init ] --START--
INFO: Run Behavior\BuildLiteBehavior [ RunTime:0.000000s ]
INFO: [ app_init ] --END-- [ RunTime:0.003000s ]
ERR: 无法加载模块:ThinkPHP

[ 2015-07-31T03:25:46+08:00 ] ::1 /ThinkPHP/ThinkPHP/Home/Index/
INFO: [ app_init ] --START--
INFO: Run Behavior\BuildLiteBehavior [ RunTime:0.000000s ]
INFO: [ app_init ] --END-- [ RunTime:0.003000s ]
ERR: 无法加载模块:ThinkPHP

[ 2015-07-31T03:26:05+08:00 ] ::1 /ThinkPHP/ThinkPHP/Home/Index/
INFO: [ app_init ] --START--
INFO: Run Behavior\BuildLiteBehavior [ RunTime:0.000000s ]
INFO: [ app_init ] --END-- [ RunTime:0.002000s ]
ERR: 无法加载模块:ThinkPHP

[ 2015-07-31T03:26:19+08:00 ] ::1 /ThinkPHP/ThinkPHP/Home/Index/
INFO: [ app_init ] --START--
INFO: Run Behavior\BuildLiteBehavior [ RunTime:0.001000s ]
INFO: [ app_init ] --END-- [ RunTime:0.002000s ]
ERR: 无法加载模块:ThinkPHP

[ 2015-07-31T14:53:09+08:00 ] ::1 /ThinkPHP/ThinkPHP/Home/Action/login.html.html
INFO: [ app_init ] --START--
INFO: Run Behavior\BuildLiteBehavior [ RunTime:0.000000s ]
INFO: [ app_init ] --END-- [ RunTime:0.005000s ]
ERR: 无法加载模块:ThinkPHP

[ 2015-07-31T14:54:02+08:00 ] ::1 /ThinkPHP/ThinkPHP/Home/:Action/login.html.html
INFO: [ app_init ] --START--
INFO: Run Behavior\BuildLiteBehavior [ RunTime:0.000000s ]
INFO: [ app_init ] --END-- [ RunTime:0.005000s ]
ERR: 无法加载模块:ThinkPHP

[ 2015-07-31T18:20:35+08:00 ] ::1 /ThinkPHP/Public/css/bootstrap/bootstrap.css.map
INFO: [ app_init ] --START--
INFO: Run Behavior\BuildLiteBehavior [ RunTime:0.000000s ]
INFO: [ app_init ] --END-- [ RunTime:0.000000s ]
ERR: 无法加载模块:Public

[ 2015-07-31T18:20:41+08:00 ] ::1 /ThinkPHP/Public/css/bootstrap/bootstrap.css.map
INFO: [ app_init ] --START--
INFO: Run Behavior\BuildLiteBehavior [ RunTime:0.000000s ]
INFO: [ app_init ] --END-- [ RunTime:0.000000s ]
ERR: 无法加载模块:Public

[ 2015-07-31T18:21:11+08:00 ] ::1 /ThinkPHP/Public/css/bootstrap/bootstrap.css.map
INFO: [ app_init ] --START--
INFO: Run Behavior\BuildLiteBehavior [ RunTime:0.000000s ]
INFO: [ app_init ] --END-- [ RunTime:0.000000s ]
ERR: 无法加载模块:Public

