[ 2015-07-29T00:00:20+08:00 ] ::1 /ThinkPHP/Apps/%7Bdir(__FILE__)%7DStatics/css/index.css
INFO: [ app_init ] --START--
INFO: Run Behavior\BuildLiteBehavior [ RunTime:0.000000s ]
INFO: [ app_init ] --END-- [ RunTime:0.002000s ]
ERR: 无法加载模块:Apps

[ 2015-07-29T00:01:55+08:00 ] ::1 /ThinkPHP/Statics/css/index.css
INFO: [ app_init ] --START--
INFO: Run Behavior\BuildLiteBehavior [ RunTime:0.000000s ]
INFO: [ app_init ] --END-- [ RunTime:0.005000s ]
ERR: 无法加载模块:Statics

[ 2015-07-29T00:02:44+08:00 ] ::1 /ThinkPHP//Statics/css/index.css
INFO: [ app_init ] --START--
INFO: Run Behavior\BuildLiteBehavior [ RunTime:0.001000s ]
INFO: [ app_init ] --END-- [ RunTime:0.004001s ]
ERR: 无法加载模块:Statics

[ 2015-07-29T00:02:45+08:00 ] ::1 /ThinkPHP//Statics/css/index.css
INFO: [ app_init ] --START--
INFO: Run Behavior\BuildLiteBehavior [ RunTime:0.000000s ]
INFO: [ app_init ] --END-- [ RunTime:0.003000s ]
ERR: 无法加载模块:Statics

[ 2015-07-29T00:03:13+08:00 ] ::1 /ThinkPHP/Public/Statics/css/index.css
INFO: [ app_init ] --START--
INFO: Run Behavior\BuildLiteBehavior [ RunTime:0.001000s ]
INFO: [ app_init ] --END-- [ RunTime:0.002001s ]
ERR: 无法加载模块:Public

[ 2015-07-29T14:03:50+08:00 ] ::1 /ThinkPHP/%7BU('index')%7D?userName=Hisheng&passwd=8355189
INFO: [ app_init ] --START--
INFO: Run Behavior\BuildLiteBehavior [ RunTime:0.000000s ]
INFO: [ app_init ] --END-- [ RunTime:0.002500s ]
ERR: 无法加载模块:{U('index')}

[ 2015-07-29T14:04:10+08:00 ] ::1 /ThinkPHP/%7BU('Home/Index')%7D?userName=Hisheng&passwd=8355189
INFO: [ app_init ] --START--
INFO: Run Behavior\BuildLiteBehavior [ RunTime:0.000000s ]
INFO: [ app_init ] --END-- [ RunTime:0.002500s ]
ERR: 无法加载模块:{U('Home

[ 2015-07-29T14:04:28+08:00 ] ::1 /ThinkPHP/%7BU('Home')%7D?userName=Hisheng&passwd=8355189
INFO: [ app_init ] --START--
INFO: Run Behavior\BuildLiteBehavior [ RunTime:0.000000s ]
INFO: [ app_init ] --END-- [ RunTime:0.007500s ]
ERR: 无法加载模块:{U('Home')}

[ 2015-07-29T14:05:59+08:00 ] ::1 /ThinkPHP/%7BU('Home/Index/index')%7D?userName=Hisheng&passwd=8355189
INFO: [ app_init ] --START--
INFO: Run Behavior\BuildLiteBehavior [ RunTime:0.000000s ]
INFO: [ app_init ] --END-- [ RunTime:0.002501s ]
ERR: 无法加载模块:{U('Home

[ 2015-07-29T14:06:32+08:00 ] ::1 /ThinkPHP/%7BU('Index/index')%7D?userName=Hisheng&passwd=8355189
INFO: [ app_init ] --START--
INFO: Run Behavior\BuildLiteBehavior [ RunTime:0.000000s ]
INFO: [ app_init ] --END-- [ RunTime:0.002500s ]
ERR: 无法加载模块:{U('Index

[ 2015-07-29T15:13:53+08:00 ] ::1 /ThinkPHP/Public/css/__PUBLIC__/img/login_bg.jpg
INFO: [ app_init ] --START--
INFO: Run Behavior\BuildLiteBehavior [ RunTime:0.000000s ]
INFO: [ app_init ] --END-- [ RunTime:0.002500s ]
ERR: 无法加载模块:Public

