[ 2015-08-08T18:28:44+08:00 ] ::1 /ThinkPHP/ThinkPHP/Apps/Home/Controller/Action/tag.html?tag=%E4%B8%8B%E9%9B%A8%E5%A4%A9%E4%BA%86%E6%80%8E%E4%B9%88%E5%8A%9E
INFO: [ app_init ] --START--
INFO: Run Behavior\BuildLiteBehavior [ RunTime:0.000000s ]
INFO: [ app_init ] --END-- [ RunTime:0.006000s ]
ERR: 无法加载模块:ThinkPHP

[ 2015-08-08T18:28:49+08:00 ] ::1 /ThinkPHP/ThinkPHP/Apps/Home/Controller/Action/tag.html?tag=%E4%B8%8B%E9%9B%A8%E5%A4%A9%E4%BA%86%E6%80%8E%E4%B9%88%E5%8A%9E
INFO: [ app_init ] --START--
INFO: Run Behavior\BuildLiteBehavior [ RunTime:0.001000s ]
INFO: [ app_init ] --END-- [ RunTime:0.006001s ]
ERR: 无法加载模块:ThinkPHP

[ 2015-08-08T18:28:52+08:00 ] ::1 /ThinkPHP/ThinkPHP/Apps/Home/Controller/Action/tag.html?tag=%E4%B8%8B%E9%9B%A8%E5%A4%A9%E4%BA%86%E6%80%8E%E4%B9%88%E5%8A%9E
INFO: [ app_init ] --START--
INFO: Run Behavior\BuildLiteBehavior [ RunTime:0.001000s ]
INFO: [ app_init ] --END-- [ RunTime:0.006001s ]
ERR: 无法加载模块:ThinkPHP

[ 2015-08-08T18:29:05+08:00 ] ::1 /ThinkPHP/ThinkPHP/Apps/Home/Controller/Action/tag.html?tag=%E4%B8%8B%E9%9B%A8%E5%A4%A9%E4%BA%86%E6%80%8E%E4%B9%88%E5%8A%9E
INFO: [ app_init ] --START--
INFO: Run Behavior\BuildLiteBehavior [ RunTime:0.001000s ]
INFO: [ app_init ] --END-- [ RunTime:0.003001s ]
ERR: 无法加载模块:ThinkPHP

[ 2015-08-08T18:30:13+08:00 ] ::1 /ThinkPHP/Apps/Home/Controller/Action/tag.html?tag=%E4%B8%8B%E9%9B%A8%E5%A4%A9%E4%BA%86%E6%80%8E%E4%B9%88%E5%8A%9E
INFO: [ app_init ] --START--
INFO: Run Behavior\BuildLiteBehavior [ RunTime:0.001000s ]
INFO: [ app_init ] --END-- [ RunTime:0.006000s ]
ERR: 无法加载模块:Apps

[ 2015-08-08T18:32:43+08:00 ] ::1 /ThinkPHP/Apps/Home/Controller/Action/tag.html?tag=%E4%B8%8B%E9%9B%A8%E5%A4%A9%E4%BA%86%E6%80%8E%E4%B9%88%E5%8A%9E
INFO: [ app_init ] --START--
INFO: Run Behavior\BuildLiteBehavior [ RunTime:0.001001s ]
INFO: [ app_init ] --END-- [ RunTime:0.003001s ]
ERR: 无法加载模块:Apps

[ 2015-08-08T18:33:23+08:00 ] ::1 /ThinkPHP/jquery.min.map
INFO: [ app_init ] --START--
INFO: Run Behavior\BuildLiteBehavior [ RunTime:0.000000s ]
INFO: [ app_init ] --END-- [ RunTime:0.005001s ]
ERR: 无法加载模块:Jquery.min

[ 2015-08-08T18:34:09+08:00 ] ::1 /ThinkPHP/jquery.min.map
INFO: [ app_init ] --START--
INFO: Run Behavior\BuildLiteBehavior [ RunTime:0.000000s ]
INFO: [ app_init ] --END-- [ RunTime:0.004000s ]
ERR: 无法加载模块:Jquery.min

[ 2015-08-08T18:34:45+08:00 ] ::1 /ThinkPHP/jquery.min.map
INFO: [ app_init ] --START--
INFO: Run Behavior\BuildLiteBehavior [ RunTime:0.000000s ]
INFO: [ app_init ] --END-- [ RunTime:0.003000s ]
ERR: 无法加载模块:Jquery.min

[ 2015-08-08T19:40:26+08:00 ] ::1 /ThinkPHP/jquery.min.map
INFO: [ app_init ] --START--
INFO: Run Behavior\BuildLiteBehavior [ RunTime:0.001000s ]
INFO: [ app_init ] --END-- [ RunTime:0.002000s ]
ERR: 无法加载模块:Jquery.min

[ 2015-08-08T19:44:10+08:00 ] ::1 /ThinkPHP/jquery.min.map
INFO: [ app_init ] --START--
INFO: Run Behavior\BuildLiteBehavior [ RunTime:0.000000s ]
INFO: [ app_init ] --END-- [ RunTime:0.001000s ]
ERR: 无法加载模块:Jquery.min

[ 2015-08-08T19:50:08+08:00 ] ::1 /ThinkPHP/jquery.min.map
INFO: [ app_init ] --START--
INFO: Run Behavior\BuildLiteBehavior [ RunTime:0.000000s ]
INFO: [ app_init ] --END-- [ RunTime:0.002000s ]
ERR: 无法加载模块:Jquery.min

[ 2015-08-08T19:51:56+08:00 ] ::1 /ThinkPHP/jquery.min.map
INFO: [ app_init ] --START--
INFO: Run Behavior\BuildLiteBehavior [ RunTime:0.000000s ]
INFO: [ app_init ] --END-- [ RunTime:0.002000s ]
ERR: 无法加载模块:Jquery.min

[ 2015-08-08T19:57:26+08:00 ] ::1 /ThinkPHP/jquery.min.map
INFO: [ app_init ] --START--
INFO: Run Behavior\BuildLiteBehavior [ RunTime:0.000000s ]
INFO: [ app_init ] --END-- [ RunTime:0.000000s ]
ERR: 无法加载模块:Jquery.min

[ 2015-08-08T19:57:40+08:00 ] ::1 /ThinkPHP/jquery.min.map
INFO: [ app_init ] --START--
INFO: Run Behavior\BuildLiteBehavior [ RunTime:0.000000s ]
INFO: [ app_init ] --END-- [ RunTime:0.000000s ]
ERR: 无法加载模块:Jquery.min

[ 2015-08-08T20:02:34+08:00 ] ::1 /ThinkPHP/jquery.min.map
INFO: [ app_init ] --START--
INFO: Run Behavior\BuildLiteBehavior [ RunTime:0.000000s ]
INFO: [ app_init ] --END-- [ RunTime:0.003000s ]
ERR: 无法加载模块:Jquery.min

[ 2015-08-08T20:05:35+08:00 ] ::1 /ThinkPHP/jquery.min.map
INFO: [ app_init ] --START--
INFO: Run Behavior\BuildLiteBehavior [ RunTime:0.000000s ]
INFO: [ app_init ] --END-- [ RunTime:0.000000s ]
ERR: 无法加载模块:Jquery.min

[ 2015-08-08T20:09:39+08:00 ] ::1 /ThinkPHP/jquery.min.map
INFO: [ app_init ] --START--
INFO: Run Behavior\BuildLiteBehavior [ RunTime:0.000000s ]
INFO: [ app_init ] --END-- [ RunTime:0.000000s ]
ERR: 无法加载模块:Jquery.min

[ 2015-08-08T20:10:24+08:00 ] ::1 /ThinkPHP/jquery.min.map
INFO: [ app_init ] --START--
INFO: Run Behavior\BuildLiteBehavior [ RunTime:0.000000s ]
INFO: [ app_init ] --END-- [ RunTime:0.000000s ]
ERR: 无法加载模块:Jquery.min

[ 2015-08-08T20:11:01+08:00 ] ::1 /ThinkPHP/jquery.min.map
INFO: [ app_init ] --START--
INFO: Run Behavior\BuildLiteBehavior [ RunTime:0.000000s ]
INFO: [ app_init ] --END-- [ RunTime:0.000000s ]
ERR: 无法加载模块:Jquery.min

