[ 2015-07-28T20:33:25+08:00 ] ::1 /ThinkPHP/Statics/css/index.css
INFO: [ app_init ] --START--
INFO: Run Behavior\BuildLiteBehavior [ RunTime:0.000000s ]
INFO: [ app_init ] --END-- [ RunTime:0.004000s ]
ERR: 无法加载模块:Statics

[ 2015-07-28T20:34:24+08:00 ] ::1 /ThinkPHP/Statics/css/index.css
INFO: [ app_init ] --START--
INFO: Run Behavior\BuildLiteBehavior [ RunTime:0.002000s ]
INFO: [ app_init ] --END-- [ RunTime:0.007000s ]
ERR: 无法加载模块:Statics

[ 2015-07-28T23:58:42+08:00 ] ::1 /ThinkPHP/Apps//Statics/css/index.css
INFO: [ app_init ] --START--
INFO: Run Behavior\BuildLiteBehavior [ RunTime:0.000000s ]
INFO: [ app_init ] --END-- [ RunTime:0.002000s ]
ERR: 无法加载模块:Apps

[ 2015-07-28T23:59:36+08:00 ] ::1 /ThinkPHP/Apps/%7B__DIR__%7DStatics/css/index.css
INFO: [ app_init ] --START--
INFO: Run Behavior\BuildLiteBehavior [ RunTime:0.001000s ]
INFO: [ app_init ] --END-- [ RunTime:0.005000s ]
ERR: 无法加载模块:Apps

[ 2015-07-28T23:59:50+08:00 ] ::1 /ThinkPHP/Apps/%7B__dir__%7DStatics/css/index.css
INFO: [ app_init ] --START--
INFO: Run Behavior\BuildLiteBehavior [ RunTime:0.000000s ]
INFO: [ app_init ] --END-- [ RunTime:0.005000s ]
ERR: 无法加载模块:Apps

